# JRE version: OpenJDK Runtime Environment (8.0_242-b01) (build 1.8.0_242-release-1644-b01)
# Java VM: OpenJDK 64-Bit Server VM (25.242-b01 mixed mode windows-amd64 compressed oops)
Heap:
 PSYoungGen      total 583680K, used 93120K [0x00000000d5580000, 0x00000000ffa80000, 0x0000000100000000)
  eden space 479232K, 13% used [0x00000000d5580000,0x00000000d9473a48,0x00000000f2980000)
  from space 104448K, 27% used [0x00000000f9480000,0x00000000fb07c798,0x00000000ffa80000)
  to   space 107008K, 0% used [0x00000000f2980000,0x00000000f2980000,0x00000000f9200000)
 ParOldGen       total 385536K, used 72410K [0x0000000080000000, 0x0000000097880000, 0x00000000d5580000)
  object space 385536K, 18% used [0x0000000080000000,0x00000000846b6b10,0x0000000097880000)
 Metaspace       used 131206K, capacity 141756K, committed 141912K, reserved 1173504K
  class space    used 16672K, capacity 18488K, committed 18560K, reserved 1048576K
GC Heap History (10 events):
Event: 15676.578 GC heap before
{Heap before GC invocations=58 (full 7):
 PSYoungGen      total 585728K, used 226683K [0x00000000d5580000, 0x00000000fff00000, 0x0000000100000000)
  eden space 471040K, 34% used [0x00000000d5580000,0x00000000df48d9f8,0x00000000f2180000)
  from space 114688K, 55% used [0x00000000f8f00000,0x00000000fcd51278,0x00000000fff00000)
  to   space 112128K, 0% used [0x00000000f2180000,0x00000000f2180000,0x00000000f8f00000)
 ParOldGen       total 385536K, used 101574K [0x0000000080000000, 0x0000000097880000, 0x00000000d5580000)
  object space 385536K, 26% used [0x0000000080000000,0x0000000086331b90,0x0000000097880000)
 Metaspace       used 127534K, capacity 137264K, committed 137432K, reserved 1169408K
  class space    used 16214K, capacity 17839K, committed 17920K, reserved 1048576K
Event: 15676.755 GC heap after
Heap after GC invocations=58 (full 7):
 PSYoungGen      total 530944K, used 59618K [0x00000000d5580000, 0x00000000ff600000, 0x0000000100000000)
  eden space 471040K, 0% used [0x00000000d5580000,0x00000000d5580000,0x00000000f2180000)
  from space 59904K, 99% used [0x00000000f2180000,0x00000000f5bb8978,0x00000000f5c00000)
  to   space 107520K, 0% used [0x00000000f8d00000,0x00000000f8d00000,0x00000000ff600000)
 ParOldGen       total 385536K, used 101582K [0x0000000080000000, 0x0000000097880000, 0x00000000d5580000)
  object space 385536K, 26% used [0x0000000080000000,0x0000000086333b90,0x0000000097880000)
 Metaspace       used 127534K, capacity 137264K, committed 137432K, reserved 1169408K
  class space    used 16214K, capacity 17839K, committed 17920K, reserved 1048576K
}
Event: 15676.755 GC heap before
{Heap before GC invocations=59 (full 8):
 PSYoungGen      total 530944K, used 59618K [0x00000000d5580000, 0x00000000ff600000, 0x0000000100000000)
  eden space 471040K, 0% used [0x00000000d5580000,0x00000000d5580000,0x00000000f2180000)
  from space 59904K, 99% used [0x00000000f2180000,0x00000000f5bb8978,0x00000000f5c00000)
  to   space 107520K, 0% used [0x00000000f8d00000,0x00000000f8d00000,0x00000000ff600000)
 ParOldGen       total 385536K, used 101582K [0x0000000080000000, 0x0000000097880000, 0x00000000d5580000)
  object space 385536K, 26% used [0x0000000080000000,0x0000000086333b90,0x0000000097880000)
 Metaspace       used 127534K, capacity 137264K, committed 137432K, reserved 1169408K
  class space    used 16214K, capacity 17839K, committed 17920K, reserved 1048576K
Event: 15679.406 GC heap after
Heap after GC invocations=59 (full 8):
 PSYoungGen      total 530944K, used 0K [0x00000000d5580000, 0x00000000ff600000, 0x0000000100000000)
  eden space 471040K, 0% used [0x00000000d5580000,0x00000000d5580000,0x00000000f2180000)
  from space 59904K, 0% used [0x00000000f2180000,0x00000000f2180000,0x00000000f5c00000)
  to   space 107520K, 0% used [0x00000000f8d00000,0x00000000f8d00000,0x00000000ff600000)
 ParOldGen       total 385536K, used 72386K [0x0000000080000000, 0x0000000097880000, 0x00000000d5580000)
  object space 385536K, 18% used [0x0000000080000000,0x00000000846b0b10,0x0000000097880000)
 Metaspace       used 127412K, capacity 137060K, committed 137432K, reserved 1169408K
  class space    used 16196K, capacity 17805K, committed 17920K, reserved 1048576K
}
Event: 16693.320 GC heap before
{Heap before GC invocations=60 (full 8):
 PSYoungGen      total 530944K, used 471040K [0x00000000d5580000, 0x00000000ff600000, 0x0000000100000000)
  eden space 471040K, 100% used [0x00000000d5580000,0x00000000f2180000,0x00000000f2180000)
  from space 59904K, 0% used [0x00000000f2180000,0x00000000f2180000,0x00000000f5c00000)
  to   space 107520K, 0% used [0x00000000f8d00000,0x00000000f8d00000,0x00000000ff600000)
 ParOldGen       total 385536K, used 72386K [0x0000000080000000, 0x0000000097880000, 0x00000000d5580000)
  object space 385536K, 18% used [0x0000000080000000,0x00000000846b0b10,0x0000000097880000)
 Metaspace       used 127519K, capacity 137192K, committed 137688K, reserved 1169408K
  class space    used 16196K, capacity 17805K, committed 17920K, reserved 1048576K
Event: 16693.382 GC heap after
Heap after GC invocations=60 (full 8):
 PSYoungGen      total 577536K, used 8699K [0x00000000d5580000, 0x0000000100000000, 0x0000000100000000)
  eden space 470016K, 0% used [0x00000000d5580000,0x00000000d5580000,0x00000000f2080000)
  from space 107520K, 8% used [0x00000000f8d00000,0x00000000f957ee40,0x00000000ff600000)
  to   space 111104K, 0% used [0x00000000f2080000,0x00000000f2080000,0x00000000f8d00000)
 ParOldGen       total 385536K, used 72394K [0x0000000080000000, 0x0000000097880000, 0x00000000d5580000)
  object space 385536K, 18% used [0x0000000080000000,0x00000000846b2b10,0x0000000097880000)
 Metaspace       used 127519K, capacity 137192K, committed 137688K, reserved 1169408K
  class space    used 16196K, capacity 17805K, committed 17920K, reserved 1048576K
}
Event: 16760.534 GC heap before
{Heap before GC invocations=61 (full 8):
 PSYoungGen      total 577536K, used 478715K [0x00000000d5580000, 0x0000000100000000, 0x0000000100000000)
  eden space 470016K, 100% used [0x00000000d5580000,0x00000000f2080000,0x00000000f2080000)
  from space 107520K, 8% used [0x00000000f8d00000,0x00000000f957ee40,0x00000000ff600000)
  to   space 111104K, 0% used [0x00000000f2080000,0x00000000f2080000,0x00000000f8d00000)
 ParOldGen       total 385536K, used 72394K [0x0000000080000000, 0x0000000097880000, 0x00000000d5580000)
  object space 385536K, 18% used [0x0000000080000000,0x00000000846b2b10,0x0000000097880000)
 Metaspace       used 130832K, capacity 141306K, committed 141528K, reserved 1173504K
  class space    used 16620K, capacity 18407K, committed 18432K, reserved 1048576K
Event: 16760.669 GC heap after
Heap after GC invocations=61 (full 8):
 PSYoungGen      total 581120K, used 32057K [0x00000000d5580000, 0x00000000ffe80000, 0x0000000100000000)
  eden space 470016K, 0% used [0x00000000d5580000,0x00000000d5580000,0x00000000f2080000)
  from space 111104K, 28% used [0x00000000f2080000,0x00000000f3fce668,0x00000000f8d00000)
  to   space 108544K, 0% used [0x00000000f9480000,0x00000000f9480000,0x00000000ffe80000)
 ParOldGen       total 385536K, used 72402K [0x0000000080000000, 0x0000000097880000, 0x00000000d5580000)
  object space 385536K, 18% used [0x0000000080000000,0x00000000846b4b10,0x0000000097880000)
 Metaspace       used 130832K, capacity 141306K, committed 141528K, reserved 1173504K
  class space    used 16620K, capacity 18407K, committed 18432K, reserved 1048576K
}
Event: 16778.715 GC heap before
{Heap before GC invocations=62 (full 8):
 PSYoungGen      total 581120K, used 502073K [0x00000000d5580000, 0x00000000ffe80000, 0x0000000100000000)
  eden space 470016K, 100% used [0x00000000d5580000,0x00000000f2080000,0x00000000f2080000)
  from space 111104K, 28% used [0x00000000f2080000,0x00000000f3fce668,0x00000000f8d00000)
  to   space 108544K, 0% used [0x00000000f9480000,0x00000000f9480000,0x00000000ffe80000)
 ParOldGen       total 385536K, used 72402K [0x0000000080000000, 0x0000000097880000, 0x00000000d5580000)
  object space 385536K, 18% used [0x0000000080000000,0x00000000846b4b10,0x0000000097880000)
 Metaspace       used 131115K, capacity 141684K, committed 141912K, reserved 1173504K
  class space    used 16658K, capacity 18486K, committed 18560K, reserved 1048576K
Event: 16778.884 GC heap after
Heap after GC invocations=62 (full 8):
 PSYoungGen      total 583680K, used 28657K [0x00000000d5580000, 0x00000000ffa80000, 0x0000000100000000)
  eden space 479232K, 0% used [0x00000000d5580000,0x00000000d5580000,0x00000000f2980000)
  from space 104448K, 27% used [0x00000000f9480000,0x00000000fb07c798,0x00000000ffa80000)
  to   space 107008K, 0% used [0x00000000f2980000,0x00000000f2980000,0x00000000f9200000)
 ParOldGen       total 385536K, used 72410K [0x0000000080000000, 0x0000000097880000, 0x00000000d5580000)
  object space 385536K, 18% used [0x0000000080000000,0x00000000846b6b10,0x0000000097880000)
 Metaspace       used 131115K, capacity 141684K, committed 141912K, reserved 1173504K
  class space    used 16658K, capacity 18486K, committed 18560K, reserved 1048576K
}

