# JRE version: OpenJDK Runtime Environment (8.0_242-b01) (build 1.8.0_242-release-1644-b01)
# Java VM: OpenJDK 64-Bit Server VM (25.242-b01 mixed mode windows-amd64 compressed oops)
Heap:
 PSYoungGen      total 71680K, used 47212K [0x00000000d5d80000, 0x00000000da880000, 0x0000000100000000)
  eden space 66560K, 70% used [0x00000000d5d80000,0x00000000d8b9b3c8,0x00000000d9e80000)
  from space 5120K, 0% used [0x00000000d9e80000,0x00000000d9e80000,0x00000000da380000)
  to   space 5120K, 0% used [0x00000000da380000,0x00000000da380000,0x00000000da880000)
 ParOldGen       total 76288K, used 26599K [0x0000000081800000, 0x0000000086280000, 0x00000000d5d80000)
  object space 76288K, 34% used [0x0000000081800000,0x00000000831f9ce0,0x0000000086280000)
 Metaspace       used 38897K, capacity 39583K, committed 39936K, reserved 1083392K
  class space    used 4883K, capacity 5053K, committed 5120K, reserved 1048576K
GC Heap History (10 events):
Event: 2.267 GC heap before
{Heap before GC invocations=3 (full 0):
 PSYoungGen      total 71680K, used 27009K [0x00000000d5d80000, 0x00000000da880000, 0x0000000100000000)
  eden space 66560K, 32% used [0x00000000d5d80000,0x00000000d72e2738,0x00000000d9e80000)
  from space 5120K, 99% used [0x00000000da380000,0x00000000da87e030,0x00000000da880000)
  to   space 5120K, 0% used [0x00000000d9e80000,0x00000000d9e80000,0x00000000da380000)
 ParOldGen       total 87552K, used 7977K [0x0000000081800000, 0x0000000086d80000, 0x00000000d5d80000)
  object space 87552K, 9% used [0x0000000081800000,0x0000000081fca718,0x0000000086d80000)
 Metaspace       used 20634K, capacity 21106K, committed 21248K, reserved 1069056K
  class space    used 2358K, capacity 2509K, committed 2560K, reserved 1048576K
Event: 2.277 GC heap after
Heap after GC invocations=3 (full 0):
 PSYoungGen      total 71680K, used 5112K [0x00000000d5d80000, 0x00000000da880000, 0x0000000100000000)
  eden space 66560K, 0% used [0x00000000d5d80000,0x00000000d5d80000,0x00000000d9e80000)
  from space 5120K, 99% used [0x00000000d9e80000,0x00000000da37e270,0x00000000da380000)
  to   space 5120K, 0% used [0x00000000da380000,0x00000000da380000,0x00000000da880000)
 ParOldGen       total 87552K, used 17732K [0x0000000081800000, 0x0000000086d80000, 0x00000000d5d80000)
  object space 87552K, 20% used [0x0000000081800000,0x0000000082951268,0x0000000086d80000)
 Metaspace       used 20634K, capacity 21106K, committed 21248K, reserved 1069056K
  class space    used 2358K, capacity 2509K, committed 2560K, reserved 1048576K
}
Event: 2.278 GC heap before
{Heap before GC invocations=4 (full 1):
 PSYoungGen      total 71680K, used 5112K [0x00000000d5d80000, 0x00000000da880000, 0x0000000100000000)
  eden space 66560K, 0% used [0x00000000d5d80000,0x00000000d5d80000,0x00000000d9e80000)
  from space 5120K, 99% used [0x00000000d9e80000,0x00000000da37e270,0x00000000da380000)
  to   space 5120K, 0% used [0x00000000da380000,0x00000000da380000,0x00000000da880000)
 ParOldGen       total 87552K, used 17732K [0x0000000081800000, 0x0000000086d80000, 0x00000000d5d80000)
  object space 87552K, 20% used [0x0000000081800000,0x0000000082951268,0x0000000086d80000)
 Metaspace       used 20634K, capacity 21106K, committed 21248K, reserved 1069056K
  class space    used 2358K, capacity 2509K, committed 2560K, reserved 1048576K
Event: 2.325 GC heap after
Heap after GC invocations=4 (full 1):
 PSYoungGen      total 71680K, used 0K [0x00000000d5d80000, 0x00000000da880000, 0x0000000100000000)
  eden space 66560K, 0% used [0x00000000d5d80000,0x00000000d5d80000,0x00000000d9e80000)
  from space 5120K, 0% used [0x00000000d9e80000,0x00000000d9e80000,0x00000000da380000)
  to   space 5120K, 0% used [0x00000000da380000,0x00000000da380000,0x00000000da880000)
 ParOldGen       total 76288K, used 14921K [0x0000000081800000, 0x0000000086280000, 0x00000000d5d80000)
  object space 76288K, 19% used [0x0000000081800000,0x0000000082692660,0x0000000086280000)
 Metaspace       used 20634K, capacity 21106K, committed 21248K, reserved 1069056K
  class space    used 2358K, capacity 2509K, committed 2560K, reserved 1048576K
}
Event: 3.487 GC heap before
{Heap before GC invocations=5 (full 1):
 PSYoungGen      total 71680K, used 66560K [0x00000000d5d80000, 0x00000000da880000, 0x0000000100000000)
  eden space 66560K, 100% used [0x00000000d5d80000,0x00000000d9e80000,0x00000000d9e80000)
  from space 5120K, 0% used [0x00000000d9e80000,0x00000000d9e80000,0x00000000da380000)
  to   space 5120K, 0% used [0x00000000da380000,0x00000000da380000,0x00000000da880000)
 ParOldGen       total 76288K, used 14921K [0x0000000081800000, 0x0000000086280000, 0x00000000d5d80000)
  object space 76288K, 19% used [0x0000000081800000,0x0000000082692660,0x0000000086280000)
 Metaspace       used 29831K, capacity 30358K, committed 30592K, reserved 1075200K
  class space    used 3783K, capacity 3963K, committed 3968K, reserved 1048576K
Event: 3.503 GC heap after
Heap after GC invocations=5 (full 1):
 PSYoungGen      total 71680K, used 5111K [0x00000000d5d80000, 0x00000000da880000, 0x0000000100000000)
  eden space 66560K, 0% used [0x00000000d5d80000,0x00000000d5d80000,0x00000000d9e80000)
  from space 5120K, 99% used [0x00000000da380000,0x00000000da87dc80,0x00000000da880000)
  to   space 5120K, 0% used [0x00000000d9e80000,0x00000000d9e80000,0x00000000da380000)
 ParOldGen       total 76288K, used 25216K [0x0000000081800000, 0x0000000086280000, 0x00000000d5d80000)
  object space 76288K, 33% used [0x0000000081800000,0x00000000830a0208,0x0000000086280000)
 Metaspace       used 29831K, capacity 30358K, committed 30592K, reserved 1075200K
  class space    used 3783K, capacity 3963K, committed 3968K, reserved 1048576K
}
Event: 4.005 GC heap before
{Heap before GC invocations=6 (full 1):
 PSYoungGen      total 71680K, used 37022K [0x00000000d5d80000, 0x00000000da880000, 0x0000000100000000)
  eden space 66560K, 47% used [0x00000000d5d80000,0x00000000d7ca9c70,0x00000000d9e80000)
  from space 5120K, 99% used [0x00000000da380000,0x00000000da87dc80,0x00000000da880000)
  to   space 5120K, 0% used [0x00000000d9e80000,0x00000000d9e80000,0x00000000da380000)
 ParOldGen       total 76288K, used 25216K [0x0000000081800000, 0x0000000086280000, 0x00000000d5d80000)
  object space 76288K, 33% used [0x0000000081800000,0x00000000830a0208,0x0000000086280000)
 Metaspace       used 34673K, capacity 35216K, committed 35416K, reserved 1081344K
  class space    used 4399K, capacity 4576K, committed 4608K, reserved 1048576K
Event: 4.014 GC heap after
Heap after GC invocations=6 (full 1):
 PSYoungGen      total 71680K, used 5091K [0x00000000d5d80000, 0x00000000da880000, 0x0000000100000000)
  eden space 66560K, 0% used [0x00000000d5d80000,0x00000000d5d80000,0x00000000d9e80000)
  from space 5120K, 99% used [0x00000000d9e80000,0x00000000da378c60,0x00000000da380000)
  to   space 5120K, 0% used [0x00000000da380000,0x00000000da380000,0x00000000da880000)
 ParOldGen       total 76288K, used 32706K [0x0000000081800000, 0x0000000086280000, 0x00000000d5d80000)
  object space 76288K, 42% used [0x0000000081800000,0x00000000837f0af0,0x0000000086280000)
 Metaspace       used 34673K, capacity 35216K, committed 35416K, reserved 1081344K
  class space    used 4399K, capacity 4576K, committed 4608K, reserved 1048576K
}
Event: 4.014 GC heap before
{Heap before GC invocations=7 (full 2):
 PSYoungGen      total 71680K, used 5091K [0x00000000d5d80000, 0x00000000da880000, 0x0000000100000000)
  eden space 66560K, 0% used [0x00000000d5d80000,0x00000000d5d80000,0x00000000d9e80000)
  from space 5120K, 99% used [0x00000000d9e80000,0x00000000da378c60,0x00000000da380000)
  to   space 5120K, 0% used [0x00000000da380000,0x00000000da380000,0x00000000da880000)
 ParOldGen       total 76288K, used 32706K [0x0000000081800000, 0x0000000086280000, 0x00000000d5d80000)
  object space 76288K, 42% used [0x0000000081800000,0x00000000837f0af0,0x0000000086280000)
 Metaspace       used 34673K, capacity 35216K, committed 35416K, reserved 1081344K
  class space    used 4399K, capacity 4576K, committed 4608K, reserved 1048576K
Event: 4.085 GC heap after
Heap after GC invocations=7 (full 2):
 PSYoungGen      total 71680K, used 0K [0x00000000d5d80000, 0x00000000da880000, 0x0000000100000000)
  eden space 66560K, 0% used [0x00000000d5d80000,0x00000000d5d80000,0x00000000d9e80000)
  from space 5120K, 0% used [0x00000000d9e80000,0x00000000d9e80000,0x00000000da380000)
  to   space 5120K, 0% used [0x00000000da380000,0x00000000da380000,0x00000000da880000)
 ParOldGen       total 76288K, used 26599K [0x0000000081800000, 0x0000000086280000, 0x00000000d5d80000)
  object space 76288K, 34% used [0x0000000081800000,0x00000000831f9ce0,0x0000000086280000)
 Metaspace       used 34673K, capacity 35216K, committed 35416K, reserved 1081344K
  class space    used 4399K, capacity 4576K, committed 4608K, reserved 1048576K
}

