# JRE version: OpenJDK Runtime Environment (8.0_242-b01) (build 1.8.0_242-release-1644-b01)
# Java VM: OpenJDK 64-Bit Server VM (25.242-b01 mixed mode windows-amd64 compressed oops)
Heap:
 PSYoungGen      total 71680K, used 7079K [0x00000000d5d80000, 0x00000000da880000, 0x0000000100000000)
  eden space 66560K, 10% used [0x00000000d5d80000,0x00000000d6469e58,0x00000000d9e80000)
  from space 5120K, 0% used [0x00000000d9e80000,0x00000000d9e80000,0x00000000da380000)
  to   space 5120K, 0% used [0x00000000da380000,0x00000000da380000,0x00000000da880000)
 ParOldGen       total 77312K, used 14915K [0x0000000081800000, 0x0000000086380000, 0x00000000d5d80000)
  object space 77312K, 19% used [0x0000000081800000,0x0000000082690e78,0x0000000086380000)
 Metaspace       used 22076K, capacity 22670K, committed 22784K, reserved 1069056K
  class space    used 2566K, capacity 2753K, committed 2816K, reserved 1048576K
GC Heap History (8 events):
Event: 0.999 GC heap before
{Heap before GC invocations=1 (full 0):
 PSYoungGen      total 38400K, used 33280K [0x00000000d5d80000, 0x00000000d8800000, 0x0000000100000000)
  eden space 33280K, 100% used [0x00000000d5d80000,0x00000000d7e00000,0x00000000d7e00000)
  from space 5120K, 0% used [0x00000000d8300000,0x00000000d8300000,0x00000000d8800000)
  to   space 5120K, 0% used [0x00000000d7e00000,0x00000000d7e00000,0x00000000d8300000)
 ParOldGen       total 87552K, used 0K [0x0000000081800000, 0x0000000086d80000, 0x00000000d5d80000)
  object space 87552K, 0% used [0x0000000081800000,0x0000000081800000,0x0000000086d80000)
 Metaspace       used 10283K, capacity 10394K, committed 10624K, reserved 1058816K
  class space    used 1087K, capacity 1147K, committed 1152K, reserved 1048576K
Event: 1.010 GC heap after
Heap after GC invocations=1 (full 0):
 PSYoungGen      total 38400K, used 5101K [0x00000000d5d80000, 0x00000000da880000, 0x0000000100000000)
  eden space 33280K, 0% used [0x00000000d5d80000,0x00000000d5d80000,0x00000000d7e00000)
  from space 5120K, 99% used [0x00000000d7e00000,0x00000000d82fb4d8,0x00000000d8300000)
  to   space 5120K, 0% used [0x00000000da380000,0x00000000da380000,0x00000000da880000)
 ParOldGen       total 87552K, used 2751K [0x0000000081800000, 0x0000000086d80000, 0x00000000d5d80000)
  object space 87552K, 3% used [0x0000000081800000,0x0000000081aafc00,0x0000000086d80000)
 Metaspace       used 10283K, capacity 10394K, committed 10624K, reserved 1058816K
  class space    used 1087K, capacity 1147K, committed 1152K, reserved 1048576K
}
Event: 1.932 GC heap before
{Heap before GC invocations=2 (full 0):
 PSYoungGen      total 38400K, used 38381K [0x00000000d5d80000, 0x00000000da880000, 0x0000000100000000)
  eden space 33280K, 100% used [0x00000000d5d80000,0x00000000d7e00000,0x00000000d7e00000)
  from space 5120K, 99% used [0x00000000d7e00000,0x00000000d82fb4d8,0x00000000d8300000)
  to   space 5120K, 0% used [0x00000000da380000,0x00000000da380000,0x00000000da880000)
 ParOldGen       total 87552K, used 2751K [0x0000000081800000, 0x0000000086d80000, 0x00000000d5d80000)
  object space 87552K, 3% used [0x0000000081800000,0x0000000081aafc00,0x0000000086d80000)
 Metaspace       used 16168K, capacity 16532K, committed 16640K, reserved 1064960K
  class space    used 1843K, capacity 1942K, committed 2048K, reserved 1048576K
Event: 1.946 GC heap after
Heap after GC invocations=2 (full 0):
 PSYoungGen      total 71680K, used 5112K [0x00000000d5d80000, 0x00000000da880000, 0x0000000100000000)
  eden space 66560K, 0% used [0x00000000d5d80000,0x00000000d5d80000,0x00000000d9e80000)
  from space 5120K, 99% used [0x00000000da380000,0x00000000da87e040,0x00000000da880000)
  to   space 5120K, 0% used [0x00000000d9e80000,0x00000000d9e80000,0x00000000da380000)
 ParOldGen       total 87552K, used 8045K [0x0000000081800000, 0x0000000086d80000, 0x00000000d5d80000)
  object space 87552K, 9% used [0x0000000081800000,0x0000000081fdb5c0,0x0000000086d80000)
 Metaspace       used 16168K, capacity 16532K, committed 16640K, reserved 1064960K
  class space    used 1843K, capacity 1942K, committed 2048K, reserved 1048576K
}
Event: 2.405 GC heap before
{Heap before GC invocations=3 (full 0):
 PSYoungGen      total 71680K, used 26943K [0x00000000d5d80000, 0x00000000da880000, 0x0000000100000000)
  eden space 66560K, 32% used [0x00000000d5d80000,0x00000000d72d1f98,0x00000000d9e80000)
  from space 5120K, 99% used [0x00000000da380000,0x00000000da87e040,0x00000000da880000)
  to   space 5120K, 0% used [0x00000000d9e80000,0x00000000d9e80000,0x00000000da380000)
 ParOldGen       total 87552K, used 8045K [0x0000000081800000, 0x0000000086d80000, 0x00000000d5d80000)
  object space 87552K, 9% used [0x0000000081800000,0x0000000081fdb5c0,0x0000000086d80000)
 Metaspace       used 20634K, capacity 21110K, committed 21248K, reserved 1069056K
  class space    used 2358K, capacity 2509K, committed 2560K, reserved 1048576K
Event: 2.416 GC heap after
Heap after GC invocations=3 (full 0):
 PSYoungGen      total 71680K, used 5096K [0x00000000d5d80000, 0x00000000da880000, 0x0000000100000000)
  eden space 66560K, 0% used [0x00000000d5d80000,0x00000000d5d80000,0x00000000d9e80000)
  from space 5120K, 99% used [0x00000000d9e80000,0x00000000da37a260,0x00000000da380000)
  to   space 5120K, 0% used [0x00000000da380000,0x00000000da380000,0x00000000da880000)
 ParOldGen       total 87552K, used 17739K [0x0000000081800000, 0x0000000086d80000, 0x00000000d5d80000)
  object space 87552K, 20% used [0x0000000081800000,0x0000000082952e00,0x0000000086d80000)
 Metaspace       used 20634K, capacity 21110K, committed 21248K, reserved 1069056K
  class space    used 2358K, capacity 2509K, committed 2560K, reserved 1048576K
}
Event: 2.416 GC heap before
{Heap before GC invocations=4 (full 1):
 PSYoungGen      total 71680K, used 5096K [0x00000000d5d80000, 0x00000000da880000, 0x0000000100000000)
  eden space 66560K, 0% used [0x00000000d5d80000,0x00000000d5d80000,0x00000000d9e80000)
  from space 5120K, 99% used [0x00000000d9e80000,0x00000000da37a260,0x00000000da380000)
  to   space 5120K, 0% used [0x00000000da380000,0x00000000da380000,0x00000000da880000)
 ParOldGen       total 87552K, used 17739K [0x0000000081800000, 0x0000000086d80000, 0x00000000d5d80000)
  object space 87552K, 20% used [0x0000000081800000,0x0000000082952e00,0x0000000086d80000)
 Metaspace       used 20634K, capacity 21110K, committed 21248K, reserved 1069056K
  class space    used 2358K, capacity 2509K, committed 2560K, reserved 1048576K
Event: 2.462 GC heap after
Heap after GC invocations=4 (full 1):
 PSYoungGen      total 71680K, used 0K [0x00000000d5d80000, 0x00000000da880000, 0x0000000100000000)
  eden space 66560K, 0% used [0x00000000d5d80000,0x00000000d5d80000,0x00000000d9e80000)
  from space 5120K, 0% used [0x00000000d9e80000,0x00000000d9e80000,0x00000000da380000)
  to   space 5120K, 0% used [0x00000000da380000,0x00000000da380000,0x00000000da880000)
 ParOldGen       total 77312K, used 14915K [0x0000000081800000, 0x0000000086380000, 0x00000000d5d80000)
  object space 77312K, 19% used [0x0000000081800000,0x0000000082690e78,0x0000000086380000)
 Metaspace       used 20634K, capacity 21110K, committed 21248K, reserved 1069056K
  class space    used 2358K, capacity 2509K, committed 2560K, reserved 1048576K
}

