# JRE version: OpenJDK Runtime Environment (8.0_242-b01) (build 1.8.0_242-release-1644-b01)
# Java VM: OpenJDK 64-Bit Server VM (25.242-b01 mixed mode windows-amd64 compressed oops)
Heap:
 PSYoungGen      total 115200K, used 37444K [0x00000000d5d80000, 0x00000000dec00000, 0x0000000100000000)
  eden space 94720K, 17% used [0x00000000d5d80000,0x00000000d6e14f00,0x00000000dba00000)
  from space 20480K, 99% used [0x00000000dd200000,0x00000000de5fc4f8,0x00000000de600000)
  to   space 24576K, 0% used [0x00000000dba00000,0x00000000dba00000,0x00000000dd200000)
 ParOldGen       total 76800K, used 26119K [0x0000000081800000, 0x0000000086300000, 0x00000000d5d80000)
  object space 76800K, 34% used [0x0000000081800000,0x0000000083181ea0,0x0000000086300000)
 Metaspace       used 52154K, capacity 53191K, committed 53504K, reserved 1095680K
  class space    used 6558K, capacity 6845K, committed 6912K, reserved 1048576K
GC Heap History (10 events):
Event: 4.290 GC heap before
{Heap before GC invocations=6 (full 1):
 PSYoungGen      total 54272K, used 54246K [0x00000000d5d80000, 0x00000000da880000, 0x0000000100000000)
  eden space 49152K, 100% used [0x00000000d5d80000,0x00000000d8d80000,0x00000000d8d80000)
  from space 5120K, 99% used [0x00000000da380000,0x00000000da879b00,0x00000000da880000)
  to   space 5120K, 0% used [0x00000000d9e80000,0x00000000d9e80000,0x00000000da380000)
 ParOldGen       total 76800K, used 17299K [0x0000000081800000, 0x0000000086300000, 0x00000000d5d80000)
  object space 76800K, 22% used [0x0000000081800000,0x00000000828e4f58,0x0000000086300000)
 Metaspace       used 32815K, capacity 33410K, committed 33664K, reserved 1079296K
  class space    used 4178K, capacity 4381K, committed 4480K, reserved 1048576K
Event: 4.311 GC heap after
Heap after GC invocations=6 (full 1):
 PSYoungGen      total 71680K, used 5111K [0x00000000d5d80000, 0x00000000dcd00000, 0x0000000100000000)
  eden space 66560K, 0% used [0x00000000d5d80000,0x00000000d5d80000,0x00000000d9e80000)
  from space 5120K, 99% used [0x00000000d9e80000,0x00000000da37dc80,0x00000000da380000)
  to   space 19968K, 0% used [0x00000000db980000,0x00000000db980000,0x00000000dcd00000)
 ParOldGen       total 76800K, used 29545K [0x0000000081800000, 0x0000000086300000, 0x00000000d5d80000)
  object space 76800K, 38% used [0x0000000081800000,0x00000000834da4d8,0x0000000086300000)
 Metaspace       used 32815K, capacity 33410K, committed 33664K, reserved 1079296K
  class space    used 4178K, capacity 4381K, committed 4480K, reserved 1048576K
}
Event: 4.534 GC heap before
{Heap before GC invocations=7 (full 1):
 PSYoungGen      total 71680K, used 18267K [0x00000000d5d80000, 0x00000000dcd00000, 0x0000000100000000)
  eden space 66560K, 19% used [0x00000000d5d80000,0x00000000d6a590c0,0x00000000d9e80000)
  from space 5120K, 99% used [0x00000000d9e80000,0x00000000da37dc80,0x00000000da380000)
  to   space 19968K, 0% used [0x00000000db980000,0x00000000db980000,0x00000000dcd00000)
 ParOldGen       total 76800K, used 29545K [0x0000000081800000, 0x0000000086300000, 0x00000000d5d80000)
  object space 76800K, 38% used [0x0000000081800000,0x00000000834da4d8,0x0000000086300000)
 Metaspace       used 34672K, capacity 35216K, committed 35416K, reserved 1081344K
  class space    used 4399K, capacity 4576K, committed 4608K, reserved 1048576K
Event: 4.541 GC heap after
Heap after GC invocations=7 (full 1):
 PSYoungGen      total 94720K, used 7791K [0x00000000d5d80000, 0x00000000de900000, 0x0000000100000000)
  eden space 74752K, 0% used [0x00000000d5d80000,0x00000000d5d80000,0x00000000da680000)
  from space 19968K, 39% used [0x00000000db980000,0x00000000dc11bc00,0x00000000dcd00000)
  to   space 19456K, 0% used [0x00000000da680000,0x00000000da680000,0x00000000db980000)
 ParOldGen       total 76800K, used 29553K [0x0000000081800000, 0x0000000086300000, 0x00000000d5d80000)
  object space 76800K, 38% used [0x0000000081800000,0x00000000834dc4d8,0x0000000086300000)
 Metaspace       used 34672K, capacity 35216K, committed 35416K, reserved 1081344K
  class space    used 4399K, capacity 4576K, committed 4608K, reserved 1048576K
}
Event: 4.541 GC heap before
{Heap before GC invocations=8 (full 2):
 PSYoungGen      total 94720K, used 7791K [0x00000000d5d80000, 0x00000000de900000, 0x0000000100000000)
  eden space 74752K, 0% used [0x00000000d5d80000,0x00000000d5d80000,0x00000000da680000)
  from space 19968K, 39% used [0x00000000db980000,0x00000000dc11bc00,0x00000000dcd00000)
  to   space 19456K, 0% used [0x00000000da680000,0x00000000da680000,0x00000000db980000)
 ParOldGen       total 76800K, used 29553K [0x0000000081800000, 0x0000000086300000, 0x00000000d5d80000)
  object space 76800K, 38% used [0x0000000081800000,0x00000000834dc4d8,0x0000000086300000)
 Metaspace       used 34672K, capacity 35216K, committed 35416K, reserved 1081344K
  class space    used 4399K, capacity 4576K, committed 4608K, reserved 1048576K
Event: 4.658 GC heap after
Heap after GC invocations=8 (full 2):
 PSYoungGen      total 94720K, used 0K [0x00000000d5d80000, 0x00000000de900000, 0x0000000100000000)
  eden space 74752K, 0% used [0x00000000d5d80000,0x00000000d5d80000,0x00000000da680000)
  from space 19968K, 0% used [0x00000000db980000,0x00000000db980000,0x00000000dcd00000)
  to   space 19456K, 0% used [0x00000000da680000,0x00000000da680000,0x00000000db980000)
 ParOldGen       total 76800K, used 23558K [0x0000000081800000, 0x0000000086300000, 0x00000000d5d80000)
  object space 76800K, 30% used [0x0000000081800000,0x0000000082f018e8,0x0000000086300000)
 Metaspace       used 34672K, capacity 35216K, committed 35416K, reserved 1081344K
  class space    used 4399K, capacity 4576K, committed 4608K, reserved 1048576K
}
Event: 6.434 GC heap before
{Heap before GC invocations=9 (full 2):
 PSYoungGen      total 94720K, used 74752K [0x00000000d5d80000, 0x00000000de900000, 0x0000000100000000)
  eden space 74752K, 100% used [0x00000000d5d80000,0x00000000da680000,0x00000000da680000)
  from space 19968K, 0% used [0x00000000db980000,0x00000000db980000,0x00000000dcd00000)
  to   space 19456K, 0% used [0x00000000da680000,0x00000000da680000,0x00000000db980000)
 ParOldGen       total 76800K, used 23558K [0x0000000081800000, 0x0000000086300000, 0x00000000d5d80000)
  object space 76800K, 30% used [0x0000000081800000,0x0000000082f018e8,0x0000000086300000)
 Metaspace       used 41726K, capacity 42397K, committed 42752K, reserved 1087488K
  class space    used 5166K, capacity 5361K, committed 5376K, reserved 1048576K
Event: 6.465 GC heap after
Heap after GC invocations=9 (full 2):
 PSYoungGen      total 94208K, used 15047K [0x00000000d5d80000, 0x00000000de600000, 0x0000000100000000)
  eden space 74752K, 0% used [0x00000000d5d80000,0x00000000d5d80000,0x00000000da680000)
  from space 19456K, 77% used [0x00000000da680000,0x00000000db531c90,0x00000000db980000)
  to   space 20480K, 0% used [0x00000000dd200000,0x00000000dd200000,0x00000000de600000)
 ParOldGen       total 76800K, used 23566K [0x0000000081800000, 0x0000000086300000, 0x00000000d5d80000)
  object space 76800K, 30% used [0x0000000081800000,0x0000000082f038e8,0x0000000086300000)
 Metaspace       used 41726K, capacity 42397K, committed 42752K, reserved 1087488K
  class space    used 5166K, capacity 5361K, committed 5376K, reserved 1048576K
}
Event: 9.607 GC heap before
{Heap before GC invocations=10 (full 2):
 PSYoungGen      total 94208K, used 89799K [0x00000000d5d80000, 0x00000000de600000, 0x0000000100000000)
  eden space 74752K, 100% used [0x00000000d5d80000,0x00000000da680000,0x00000000da680000)
  from space 19456K, 77% used [0x00000000da680000,0x00000000db531c90,0x00000000db980000)
  to   space 20480K, 0% used [0x00000000dd200000,0x00000000dd200000,0x00000000de600000)
 ParOldGen       total 76800K, used 23566K [0x0000000081800000, 0x0000000086300000, 0x00000000d5d80000)
  object space 76800K, 30% used [0x0000000081800000,0x0000000082f038e8,0x0000000086300000)
 Metaspace       used 50732K, capacity 51697K, committed 51968K, reserved 1095680K
  class space    used 6390K, capacity 6648K, committed 6656K, reserved 1048576K
Event: 9.638 GC heap after
Heap after GC invocations=10 (full 2):
 PSYoungGen      total 115200K, used 20465K [0x00000000d5d80000, 0x00000000dec00000, 0x0000000100000000)
  eden space 94720K, 0% used [0x00000000d5d80000,0x00000000d5d80000,0x00000000dba00000)
  from space 20480K, 99% used [0x00000000dd200000,0x00000000de5fc4f8,0x00000000de600000)
  to   space 24576K, 0% used [0x00000000dba00000,0x00000000dba00000,0x00000000dd200000)
 ParOldGen       total 76800K, used 26119K [0x0000000081800000, 0x0000000086300000, 0x00000000d5d80000)
  object space 76800K, 34% used [0x0000000081800000,0x0000000083181ea0,0x0000000086300000)
 Metaspace       used 50732K, capacity 51697K, committed 51968K, reserved 1095680K
  class space    used 6390K, capacity 6648K, committed 6656K, reserved 1048576K
}

